<?xml version="1.0" encoding="UTF-8"?>
<testsuite name="Hello_Java.AppTest" tests="1" skipped="0" failures="0" errors="0" timestamp="2023-04-23T01:09:13" hostname="LEON-PC" time="0.02">
  <properties/>
  <testcase name="appHasAGreeting()" classname="Hello_Java.AppTest" time="0.02"/>
  <system-out><![CDATA[]]></system-out>
  <system-err><![CDATA[]]></system-err>
</testsuite>
